This is TeX, Version 3.14159265 (TeX Live 2015) (preloaded format=tex 2015.5.24)  12 JUN 2017 10:30
**abc
(./abc.tex (/usr/local/texlive/2015/texmf-dist/tex/generic/pst-ode/pst-ode.tex
(/usr/local/texlive/2015/texmf-dist/tex/generic/pstricks/pstricks.tex
\@unused=\write0

we are running tex and have to define some LaTeX commands ...
(/usr/local/texlive/2015/texmf-dist/tex/generic/xkeyval/pst-xkey.tex
2005/11/25 v1.6 PSTricks specialization of xkeyval (HA)
(/usr/local/texlive/2015/texmf-dist/tex/generic/xkeyval/xkeyval.tex
(/usr/local/texlive/2015/texmf-dist/tex/generic/xkeyval/xkvutils.tex
\XKV@toks=\toks12
\XKV@tempa@toks=\toks13

(/usr/local/texlive/2015/texmf-dist/tex/generic/xkeyval/keyval.tex))
\XKV@depth=\count26

2014/12/03 v2.7a key=value parser (HA)
(/usr/local/texlive/2015/texmf-dist/tex/generic/xkeyval/xkvtxhdr.tex
2005/02/22 v1.1 xkeyval TeX header (HA))))
(/usr/local/texlive/2015/texmf-dist/tex/generic/pstricks/pst-fp.tex
`pst-fp' v0.05, 2010/01/17 (hv)
\pstFP@xs=\count61
\pstFP@xia=\count62
\pstFP@xib=\count63
\pstFP@xfa=\count64
\pstFP@xfb=\count65
\pstFP@rega=\count66
\pstFP@regb=\count67
\pstFP@regs=\count68
\pstFP@times=\count69
)
(/usr/local/texlive/2015/texmf-dist/tex/generic/pgf/utilities/pgfutil-common.te
x
\pgfutil@everybye=\toks14
\pgfutil@tempdima=\dimen16
\pgfutil@tempdimb=\dimen17

(/usr/local/texlive/2015/texmf-dist/tex/generic/pgf/utilities/pgfutil-common-li
sts.tex))
(/usr/local/texlive/2015/texmf-dist/tex/generic/pgf/utilities/pgfkeys.code.tex
\pgfkeys@pathtoks=\toks15
\pgfkeys@temptoks=\toks16

(/usr/local/texlive/2015/texmf-dist/tex/generic/pgf/utilities/pgfkeysfiltered.c
ode.tex
\pgfkeys@tmptoks=\toks17
))
(/usr/local/texlive/2015/texmf-dist/tex/generic/pgf/utilities/pgffor.code.tex
(/usr/local/texlive/2015/texmf-dist/tex/generic/pgf/math/pgfmath.code.tex
(/usr/local/texlive/2015/texmf-dist/tex/generic/pgf/math/pgfmathcalc.code.tex
(/usr/local/texlive/2015/texmf-dist/tex/generic/pgf/math/pgfmathutil.code.tex
\pgf@x=\dimen18
\pgf@xa=\dimen19
\pgf@xb=\dimen20
\pgf@xc=\dimen21
\pgf@y=\dimen22
\pgf@ya=\dimen23
\pgf@yb=\dimen24
\pgf@yc=\dimen25
\c@pgf@counta=\count70
\c@pgf@countb=\count71
\c@pgf@countc=\count72
\c@pgf@countd=\count73
\pgfutil@tempcnta=\count74
\pgfutil@tempcntb=\count75
)
(/usr/local/texlive/2015/texmf-dist/tex/generic/pgf/math/pgfmathparser.code.tex
\pgfmath@dimen=\dimen26
\pgfmath@count=\count76
\pgfmath@box=\box16
\pgfmath@toks=\toks18
\pgfmath@stack@operand=\toks19
\pgfmath@stack@operation=\toks20
)
(/usr/local/texlive/2015/texmf-dist/tex/generic/pgf/math/pgfmathfunctions.code.
tex
(/usr/local/texlive/2015/texmf-dist/tex/generic/pgf/math/pgfmathfunctions.basic
.code.tex)
(/usr/local/texlive/2015/texmf-dist/tex/generic/pgf/math/pgfmathfunctions.trigo
nometric.code.tex)
(/usr/local/texlive/2015/texmf-dist/tex/generic/pgf/math/pgfmathfunctions.rando
m.code.tex)
(/usr/local/texlive/2015/texmf-dist/tex/generic/pgf/math/pgfmathfunctions.compa
rison.code.tex)
(/usr/local/texlive/2015/texmf-dist/tex/generic/pgf/math/pgfmathfunctions.base.
code.tex)
(/usr/local/texlive/2015/texmf-dist/tex/generic/pgf/math/pgfmathfunctions.round
.code.tex)
(/usr/local/texlive/2015/texmf-dist/tex/generic/pgf/math/pgfmathfunctions.misc.
code.tex)
(/usr/local/texlive/2015/texmf-dist/tex/generic/pgf/math/pgfmathfunctions.integ
erarithmetics.code.tex)))
(/usr/local/texlive/2015/texmf-dist/tex/generic/pgf/math/pgfmathfloat.code.tex
\c@pgfmathroundto@lastzeros=\count77
))
\pgffor@iter=\dimen27
\pgffor@skip=\dimen28
\pgffor@stack=\toks21
\pgffor@toks=\toks22
)
\psLoopIndex=\count78

`PSTricks' v2.60  <2014/10/25> (tvz)
\pst@dima=\dimen29
\pst@dimb=\dimen30
\pst@dimc=\dimen31
\pst@dimd=\dimen32
\pst@dimg=\dimen33
\pst@dimh=\dimen34
\pst@dimm=\dimen35
\pst@dimn=\dimen36
\pst@dimo=\dimen37
\pst@dimp=\dimen38
\pst@hbox=\box17
\pst@ibox=\box18
\pst@boxg=\box19
\pst@cnta=\count79
\pst@cntb=\count80
\pst@cntc=\count81
\pst@cntd=\count82
\pst@cntg=\count83
\pst@cnth=\count84
\pst@cntm=\count85
\pst@cntn=\count86
\pst@cnto=\count87
\pst@cntp=\count88
\@zero=\count89
\pst@toks=\toks23
(/usr/local/texlive/2015/texmf-dist/tex/generic/pstricks/pstricks.con)
\psunit=\dimen39
\psxunit=\dimen40
\psyunit=\dimen41
\pst@C@@rType=\count90
\pslinewidth=\dimen42
\psk@startLW=\dimen43
\psk@endLW=\dimen44
\pst@customdefs=\toks24
\pslinearc=\dimen45
\pst@symbolStep=\dimen46
\pst@symbolWidth=\dimen47
\pst@symbolLinewidth=\dimen48
\everypsbox=\toks25
\psframesep=\dimen49
\pslabelsep=\dimen50
\sh@wgridXunit=\dimen51
\sh@wgridYunit=\dimen52
\pst@shift=\dimen53
)
`pst-ode' v2.60, 2014/10/25 (ag)) [1] )
Output written on abc.dvi (1 page, 2028 bytes).
