This is TeX, Version 3.14159265 (TeX Live 2017) (preloaded format=tex 2017.5.23)  13 NOV 2019 10:25
**abc
(./abc.tex (/usr/local/texlive/2017/texmf-dist/tex/generic/pst-ode/pst-ode.tex
(/usr/local/texlive/2017/texmf-dist/tex/generic/pstricks/pstricks.tex
\@unused=\write0
\@unused=\write1

we are running tex and have to define some LaTeX commands ...
(/usr/local/texlive/2017/texmf-dist/tex/generic/xkeyval/pst-xkey.tex
2005/11/25 v1.6 PSTricks specialization of xkeyval (HA)
(/usr/local/texlive/2017/texmf-dist/tex/generic/xkeyval/xkeyval.tex
(/usr/local/texlive/2017/texmf-dist/tex/generic/xkeyval/xkvutils.tex
\XKV@toks=\toks12
\XKV@tempa@toks=\toks13

(/usr/local/texlive/2017/texmf-dist/tex/generic/xkeyval/keyval.tex))
\XKV@depth=\count26

2014/12/03 v2.7a key=value parser (HA)
(/usr/local/texlive/2017/texmf-dist/tex/generic/xkeyval/xkvtxhdr.tex
2005/02/22 v1.1 xkeyval TeX header (HA))))
! Undefined control sequence.
l.138 \@
        ifundefined{pgfutil@empty}{\input pgfutil-common.tex}{}
? 
! Emergency stop.
l.138 \@
        ifundefined{pgfutil@empty}{\input pgfutil-common.tex}{}
End of file on the terminal!

No pages of output.
