This is pdfTeXk, Version 3.1415926-1.40.9 (Web2C 7.5.7) (format=latex 2008.12.28)  10 APR 2010 06:18
entering extended mode
 %&-line parsing enabled.
**allexercises
(./allexercises.tex
LaTeX2e <2005/12/01>
Babel <v3.8l> and hyphenation patterns for english, usenglishmax, dumylang, noh
yphenation, german-x-2008-06-18, ngerman-x-2008-06-18, ancientgreek, ibycus, ar
abic, basque, bulgarian, catalan, pinyin, coptic, croatian, czech, danish, dutc
h, esperanto, estonian, farsi, finnish, french, galician, german, ngerman, mono
greek, greek, hungarian, icelandic, indonesian, interlingua, irish, italian, la
tin, lithuanian, mongolian, mongolian2a, bokmal, nynorsk, polish, portuguese, r
omanian, russian, sanskrit, serbian, slovak, slovenian, spanish, swedish, turki
sh, ukenglish, ukrainian, uppersorbian, welsh, loaded.
(/usr/local/texlive/2008/texmf-dist/tex/latex/base/article.cls
Document Class: article 2005/09/16 v1.4f Standard LaTeX document class
(/usr/local/texlive/2008/texmf-dist/tex/latex/base/size11.clo
File: size11.clo 2005/09/16 v1.4f Standard LaTeX file (size option)
)
\c@part=\count79
\c@section=\count80
\c@subsection=\count81
\c@subsubsection=\count82
\c@paragraph=\count83
\c@subparagraph=\count84
\c@figure=\count85
\c@table=\count86
\abovecaptionskip=\skip41
\belowcaptionskip=\skip42
\bibindent=\dimen102
)
(/usr/local/texlive/2008/texmf-dist/tex/latex/graphics/epsfig.sty
Package: epsfig 1999/02/16 v1.7a (e)psfig emulation (SPQR)

(/usr/local/texlive/2008/texmf-dist/tex/latex/graphics/graphicx.sty
Package: graphicx 1999/02/16 v1.0f Enhanced LaTeX Graphics (DPC,SPQR)

(/usr/local/texlive/2008/texmf-dist/tex/latex/graphics/keyval.sty
Package: keyval 1999/03/16 v1.13 key=value parser (DPC)
\KV@toks@=\toks14
)
(/usr/local/texlive/2008/texmf-dist/tex/latex/graphics/graphics.sty
Package: graphics 2006/02/20 v1.0o Standard LaTeX Graphics (DPC,SPQR)

(/usr/local/texlive/2008/texmf-dist/tex/latex/graphics/trig.sty
Package: trig 1999/03/16 v1.09 sin cos tan (DPC)
)
(/usr/local/texlive/2008/texmf/tex/latex/config/graphics.cfg
File: graphics.cfg 2007/01/18 v1.5 graphics configuration of teTeX/TeXLive
)
Package graphics Info: Driver file: dvips.def on input line 90.

(/usr/local/texlive/2008/texmf-dist/tex/latex/graphics/dvips.def
File: dvips.def 1999/02/16 v3.0i Driver-dependant file (DPC,SPQR)
))
\Gin@req@height=\dimen103
\Gin@req@width=\dimen104
)
\epsfxsize=\dimen105
\epsfysize=\dimen106
)
(/usr/local/texlive/2008/texmf-dist/tex/latex/psfrag/psfrag.sty
Package: psfrag 1998/04/11 v3.04 PSfrag (MCG)
\pfg@pcount=\count87
\pfg@scount=\count88
\pfg@temp=\write3
)
(/usr/local/texlive/2008/texmf-dist/tex/latex/amsmath/amsmath.sty
Package: amsmath 2000/07/18 v2.13 AMS math features
\@mathmargin=\skip43

For additional information on amsmath, use the `?' option.
(/usr/local/texlive/2008/texmf-dist/tex/latex/amsmath/amstext.sty
Package: amstext 2000/06/29 v2.01

(/usr/local/texlive/2008/texmf-dist/tex/latex/amsmath/amsgen.sty
File: amsgen.sty 1999/11/30 v2.0
\@emptytoks=\toks15
\ex@=\dimen107
))
(/usr/local/texlive/2008/texmf-dist/tex/latex/amsmath/amsbsy.sty
Package: amsbsy 1999/11/29 v1.2d
\pmbraise@=\dimen108
)
(/usr/local/texlive/2008/texmf-dist/tex/latex/amsmath/amsopn.sty
Package: amsopn 1999/12/14 v2.01 operator names
)
\inf@bad=\count89
LaTeX Info: Redefining \frac on input line 211.
\uproot@=\count90
\leftroot@=\count91
LaTeX Info: Redefining \overline on input line 307.
\classnum@=\count92
\DOTSCASE@=\count93
LaTeX Info: Redefining \ldots on input line 379.
LaTeX Info: Redefining \dots on input line 382.
LaTeX Info: Redefining \cdots on input line 467.
\Mathstrutbox@=\box26
\strutbox@=\box27
\big@size=\dimen109
LaTeX Font Info:    Redeclaring font encoding OML on input line 567.
LaTeX Font Info:    Redeclaring font encoding OMS on input line 568.
\macc@depth=\count94
\c@MaxMatrixCols=\count95
\dotsspace@=\muskip10
\c@parentequation=\count96
\dspbrk@lvl=\count97
\tag@help=\toks16
\row@=\count98
\column@=\count99
\maxfields@=\count100
\andhelp@=\toks17
\eqnshift@=\dimen110
\alignsep@=\dimen111
\tagshift@=\dimen112
\tagwidth@=\dimen113
\totwidth@=\dimen114
\lineht@=\dimen115
\@envbody=\toks18
\multlinegap=\skip44
\multlinetaggap=\skip45
\mathdisplay@stack=\toks19
LaTeX Info: Redefining \[ on input line 2666.
LaTeX Info: Redefining \] on input line 2667.
)
(./allexercises.aux)
\openout1 = `allexercises.aux'.

LaTeX Font Info:    Checking defaults for OML/cmm/m/it on input line 12.
LaTeX Font Info:    ... okay on input line 12.
LaTeX Font Info:    Checking defaults for T1/cmr/m/n on input line 12.
LaTeX Font Info:    ... okay on input line 12.
LaTeX Font Info:    Checking defaults for OT1/cmr/m/n on input line 12.
LaTeX Font Info:    ... okay on input line 12.
LaTeX Font Info:    Checking defaults for OMS/cmsy/m/n on input line 12.
LaTeX Font Info:    ... okay on input line 12.
LaTeX Font Info:    Checking defaults for OMX/cmex/m/n on input line 12.
LaTeX Font Info:    ... okay on input line 12.
LaTeX Font Info:    Checking defaults for U/cmr/m/n on input line 12.
LaTeX Font Info:    ... okay on input line 12.
 (../latex/macros.tex) (./exermacros.tex)
(./allexercises.toc [1

] [2])
\tf@toc=\write4
\openout4 = `allexercises.toc'.

 [3] (./chap1exer1.tex) (./chap1exer2.tex) [4

]
(./chap2exer1.tex) (./chap2exer2.tex) (./chap2exer3.tex) (./chap2exer4.tex)
(./chap2exer5.tex [5

]
Overfull \hbox (4.57678pt too wide) in paragraph at lines 36--40
[]\OT1/cmr/m/n/10.95 What av-er-age or-der of ac-cu-racy is ob-served on a ran-
dom grid? To test this, set \OT1/cmtt/m/n/10.95 gridchoice
 []

) (./chap2exer6.tex [6]) (./chap2exer7.tex) [7] (./chap3exer1.tex)
(./chap3exer2.tex) (./chap3exer3.tex) [8

] (./chap4exer1.tex) (./chap4exer2.tex
[9

]
File: figs/iter_bvp_advdiff.eps Graphic file (type eps)
 <figs/iter_bvp_advdiff.eps>) [10] (./chap5exer1.tex) (./chap5exer2.tex)
(./chap5exer3.tex) (./chap5exer4.tex) (./chap5exer5.tex [11

]) (./chap5exer6.tex) (./chap5exer7.tex) (./chap5exer8.tex [12]) (./chap5exer9.
tex)
(./chap5exer10.tex) (./chap5exer11.tex [13]) (./chap5exer12.tex)
(./chap5exer13.tex) (./chap5exer14.tex) (./chap5exer15.tex [14])
(./chap5exer16.tex) (./chap5exer17.tex) (./chap5exer18.tex [15])
(./chap5exer19.tex [16]) (./chap5exer20.tex [17]) (./chap5exer21.tex) [18]
(./chap6exer1.tex) (./chap6exer2.tex) (./chap6exer3.tex [19

]) (./chap6exer4.tex) (./chap6exer5.tex) (./chap6exer6.tex [20]) (./chap6exer7.
tex)
(./chap6exer8.tex) [21] (./chap7exer1.tex) (./chap7exer2.tex) (./chap7exer3.tex
) (./chap7exer4.tex) (./chap7exer5.tex [22

]) [23] (./chap8exer1.tex)
(./chap8exer2.tex [24

]) (./chap8exer3.tex) (./chap8exer4.tex

LaTeX Font Warning: Command \large invalid in math mode on input line 9.


LaTeX Font Warning: Command \large invalid in math mode on input line 9.


LaTeX Font Warning: Command \large invalid in math mode on input line 9.


LaTeX Font Warning: Command \large invalid in math mode on input line 9.


LaTeX Font Warning: Command \large invalid in math mode on input line 9.


LaTeX Font Warning: Command \large invalid in math mode on input line 9.


LaTeX Font Warning: Command \large invalid in math mode on input line 9.


LaTeX Font Warning: Command \large invalid in math mode on input line 9.

) (./chap8exer5.tex) [25] (./chap9exer1.tex) (./chap9exer2.tex [26

])
(./chap9exer3.tex) (./chap9exer4.tex) (./chap9exer5.tex

Package amsmath Warning: Foreign command \over;
(amsmath)                \frac or \genfrac should be used instead
(amsmath)                 on input line 11.

[27]) [28] (./chap10exer1.tex [29

]) (./chap10exer2.tex) (./chap10exer3.tex
File: figs/skewedlfstencil.eps Graphic file (type eps)

<figs/skewedlfstencil.eps>) (./chap10exer4.tex [30]) (./chap10exer5.tex)
(./chap10exer6.tex) (./chap10exer7.tex) (./chap10exer8.tex [31])
(./chap10exer9.tex) (./chap10exer10.tex [32] [33]) (./chap10exer11.tex)
[34] (./chap11exer1.tex) (./chap11exer2.tex) (./chap11exer3.tex) [35

]
(./allexercises.aux) ) 
Here is how much of TeX's memory you used:
 1557 strings out of 493877
 18592 string characters out of 1150590
 73586 words of memory out of 3000000
 4625 multiletter control sequences out of 10000+50000
 13760 words of font info for 50 fonts, out of 3000000 for 5000
 714 hyphenation exceptions out of 8191
 32i,20n,21p,220b,260s stack positions out of 5000i,500n,10000p,200000b,50000s

Output written on allexercises.dvi (35 pages, 123608 bytes).
